command: /Users/linyuan/.local/bin/serveCSM -batch /private/tmp/hpa_esp_runtime_jhs0rjlu/runtime/rebuild.csm
returncode: 0
--- stdout ---
**********************************************************
*                                                        *
*                    Program serveCSM                    *
*                     version  1.29                      *
*                                                        *
*        written by John Dannenhoffer, 2010/2026         *
*                                                        *
**********************************************************

    casename    = /private/tmp/hpa_esp_runtime_jhs0rjlu/runtime/rebuild.csm
    addVerify   = 0
    allVels     = 0
    batch       = 1
    checkMass   = 0
    checkPara   = 0
    despmtrs    =
    dictname    =
    dxddname    =
    dumpEgads   = 0
    eggname     =
    jrnl        =
    loadEgads   = 0
    onormal     = 0
    outLevel    = 1
    plotfile    =
    plotBDF     =
    plugsOn     = 0
    plugs       = 0
    port        = 7681
    printStack  = 0
    ptrbname    =
    skipBuild   = 0
    skipTess    = 0
    tessfile    =
    verify      = 0
    ESP_ROOT    = /Users/linyuan/.local/esp/current/EngSketchPad

--> enter ocsmLoad(filename=/private/tmp/hpa_esp_runtime_jhs0rjlu/runtime/rebuild.csm)
    nextline ( 0:   1)[   1]: # Auto-generated by hpa_meshing.providers.esp_pipeline
    nextline ( 0:   2)[   1]: # Rebuilds OpenVSP lifting surfaces into native OpenCSM rule lofts
    nextline ( 0:   3)[   1]: SET export_path $/private/tmp/hpa_esp_runtime_jhs0rjlu/runtime/raw_dump.stp
    nextline ( 0:   4)[   2]: # Native lifting-surface rebuild generated from OpenVSP section data
    nextline ( 0:   5)[   2]: # Source model: /Volumes/Samsung SSD/hpa-mdo/hpa_meshing_package/docs/reports/tail_wing_surface_mesh_probe/artifacts/geometry/artifacts/providers/esp_rebuilt/esp_runtime/horizontal_tail.vsp3
    nextline ( 0:   6)[   2]:
    nextline ( 0:   7)[   2]: # Surface: horizontal_tail (Elevator)
    nextline ( 0:   8)[   2]: mark
    nextline ( 0:   9)[   3]: skbeg 4.78894796816 -1.5 0.00190917959524
    nextline ( 0:  10)[   4]: linseg 4.75640260968 -1.5 0.00519468352907
    nextline ( 0:  11)[   5]: spline 4.74105606574 -1.5 0.00668944990983
    nextline ( 0:  12)[   6]: spline 4.72360679775 -1.5 0.00834859290947
    nextline ( 0:  13)[   7]: spline 4.70416238624 -1.5 0.0101484348525
    nextline ( 0:  14)[   8]: spline 4.65977921933 -1.5 0.0140711468344
    nextline ( 0:  15)[   9]: spline 4.63511410092 -1.5 0.0161430993431
    nextline ( 0:  16)[  10]: spline 4.60899942589 -1.5 0.0182540909995
    nextline ( 0:  17)[  11]: spline 4.5815961999 -1.5 0.0203774357031
    nextline ( 0:  18)[  12]: spline 4.52360679775 -1.5 0.024550444327
    nextline ( 0:  19)[  13]: spline 4.49337814554 -1.5 0.0265420968928
    nextline ( 0:  20)[  14]: spline 4.46257378602 -1.5 0.0284297950266
    nextline ( 0:  21)[  15]: spline 4.4 -1.5 0.0317641512003
    nextline ( 0:  22)[  16]: spline 4.36861636171 -1.5 0.0331443499069
    nextline ( 0:  23)[  17]: spline 4.33742621398 -1.5 0.0342888657697
    nextline ( 0:  24)[  18]: spline 4.30662185446 -1.5 0.0351656420801
    nextline ( 0:  25)[  19]: spline 4.24692662705 -1.5 0.0359999218175
    nextline ( 0:  26)[  20]: spline 4.2184038001 -1.5 0.0359088757424
    nextline ( 0:  27)[  21]: spline 4.19100057411 -1.5 0.0354551397641
    nextline ( 0:  28)[  22]: spline 4.16488589908 -1.5 0.0346284781464
    nextline ( 0:  29)[  23]: spline 4.11715728753 -1.5 0.0318499378013
    nextline ( 0:  30)[  24]: spline 4.09583761376 -1.5 0.0299122850617
    nextline ( 0:  31)[  25]: spline 4.07639320225 -1.5 0.0276293599015
    nextline ( 0:  32)[  26]: spline 4.04359739032 -1.5 0.0221199275659
    nextline ( 0:  33)[  27]: spline 4.030448187 -1.5 0.01894783225
    nextline ( 0:  34)[  28]: spline 4.01957739348 -1.5 0.0155359879049
    nextline ( 0:  35)[  29]: spline 4.01105203184 -1.5 0.0119123278082
    nextline ( 0:  36)[  30]: spline 4.00123306651 -1.5 0.00412603094363
    nextline ( 0:  37)[  31]: spline 4 -1.5 0
    nextline ( 0:  38)[  32]: spline 4.00123306651 -1.5 -0.00412603094363
    nextline ( 0:  39)[  33]: spline 4.00492466376 -1.5 -0.00810202087353
    nextline ( 0:  40)[  34]: spline 4.01957739348 -1.5 -0.0155359879049
    nextline ( 0:  41)[  35]: spline 4.030448187 -1.5 -0.01894783225
    nextline ( 0:  42)[  36]: spline 4.04359739032 -1.5 -0.0221199275659
    nextline ( 0:  43)[  37]: spline 4.05894393426 -1.5 -0.0250232341442
    nextline ( 0:  44)[  38]: spline 4.09583761376 -1.5 -0.0299122850617
    nextline ( 0:  45)[  39]: spline 4.11715728753 -1.5 -0.0318499378013
    nextline ( 0:  46)[  40]: spline 4.14022078067 -1.5 -0.0334255165665
    nextline ( 0:  47)[  41]: spline 4.19100057411 -1.5 -0.0354551397641
    nextline ( 0:  48)[  42]: spline 4.2184038001 -1.5 -0.0359088757424
    nextline ( 0:  49)[  43]: spline 4.24692662705 -1.5 -0.0359999218175
    nextline ( 0:  50)[  44]: spline 4.27639320225 -1.5 -0.0357448300592
    nextline ( 0:  51)[  45]: spline 4.33742621398 -1.5 -0.0342888657697
    nextline ( 0:  52)[  46]: spline 4.36861636171 -1.5 -0.0331443499069
    nextline ( 0:  53)[  47]: spline 4.4 -1.5 -0.0317641512003
    nextline ( 0:  54)[  48]: spline 4.43138363829 -1.5 -0.0301814799758
    nextline ( 0:  55)[  49]: spline 4.49337814554 -1.5 -0.0265420968928
    nextline ( 0:  56)[  50]: spline 4.52360679775 -1.5 -0.024550444327
    nextline ( 0:  57)[  51]: spline 4.55307337295 -1.5 -0.0224856934592
    nextline ( 0:  58)[  52]: spline 4.60899942589 -1.5 -0.0182540909995
    nextline ( 0:  59)[  53]: spline 4.63511410092 -1.5 -0.0161430993431
    nextline ( 0:  60)[  54]: spline 4.65977921933 -1.5 -0.0140711468344
    nextline ( 0:  61)[  55]: spline 4.68284271247 -1.5 -0.0120643631366
    nextline ( 0:  62)[  56]: spline 4.72360679775 -1.5 -0.00834859290947
    nextline ( 0:  63)[  57]: spline 4.74105606574 -1.5 -0.00668944990983
    nextline ( 0:  64)[  58]: spline 4.75640260968 -1.5 -0.00519468352907
    nextline ( 0:  65)[  59]: spline 4.769551813 -1.5 -0.0038865821897
    nextline ( 0:  66)[  60]: linseg 4.78894796816 -1.5 0.00190917959524
    nextline ( 0:  67)[  61]: skend
    nextline ( 0:  68)[  62]: skbeg 4.8 0 0.000756
    nextline ( 0:  69)[  63]: linseg 4.79876693349 0 0.000885634955321
    nextline ( 0:  70)[  64]: spline 4.79507533624 0 0.00127226776115
    nextline ( 0:  71)[  65]: spline 4.78894796816 0 0.00190917959524
    nextline ( 0:  72)[  66]: spline 4.78042260652 0 0.00278548721867
    nextline ( 0:  73)[  67]: spline 4.769551813 0 0.0038865821897
    nextline ( 0:  74)[  68]: spline 4.75640260968 0 0.00519468352907
    nextline ( 0:  75)[  69]: spline 4.74105606574 0 0.00668944990983
    nextline ( 0:  76)[  70]: spline 4.72360679775 0 0.00834859290947
    nextline ( 0:  77)[  71]: spline 4.70416238624 0 0.0101484348525
    nextline ( 0:  78)[  72]: spline 4.68284271247 0 0.0120643631366
    nextline ( 0:  79)[  73]: spline 4.65977921933 0 0.0140711468344
    nextline ( 0:  80)[  74]: spline 4.63511410092 0 0.0161430993431
    nextline ( 0:  81)[  75]: spline 4.60899942589 0 0.0182540909995
    nextline ( 0:  82)[  76]: spline 4.5815961999 0 0.0203774357031
    nextline ( 0:  83)[  77]: spline 4.55307337295 0 0.0224856934592
    nextline ( 0:  84)[  78]: spline 4.52360679775 0 0.024550444327
    nextline ( 0:  85)[  79]: spline 4.49337814554 0 0.0265420968928
    nextline ( 0:  86)[  80]: spline 4.46257378602 0 0.0284297950266
    nextline ( 0:  87)[  81]: spline 4.43138363829 0 0.0301814799758
    nextline ( 0:  88)[  82]: spline 4.4 0 0.0317641512003
    nextline ( 0:  89)[  83]: spline 4.36861636171 0 0.0331443499069
    nextline ( 0:  90)[  84]: spline 4.33742621398 0 0.0342888657697
    nextline ( 0:  91)[  85]: spline 4.30662185446 0 0.0351656420801
    nextline ( 0:  92)[  86]: spline 4.27639320225 0 0.0357448300592
    nextline ( 0:  93)[  87]: spline 4.24692662705 0 0.0359999218175
    nextline ( 0:  94)[  88]: spline 4.2184038001 0 0.0359088757424
    nextline ( 0:  95)[  89]: spline 4.19100057411 0 0.0354551397641
    nextline ( 0:  96)[  90]: spline 4.16488589908 0 0.0346284781464
    nextline ( 0:  97)[  91]: spline 4.14022078067 0 0.0334255165665
    nextline ( 0:  98)[  92]: spline 4.11715728753 0 0.0318499378013
    nextline ( 0:  99)[  93]: spline 4.09583761376 0 0.0299122850617
    nextline ( 0: 100)[  94]: spline 4.07639320225 0 0.0276293599015
    nextline ( 0: 101)[  95]: spline 4.05894393426 0 0.0250232341442
    nextline ( 0: 102)[  96]: spline 4.04359739032 0 0.0221199275659
    nextline ( 0: 103)[  97]: spline 4.030448187 0 0.01894783225
    nextline ( 0: 104)[  98]: spline 4.01957739348 0 0.0155359879049
    nextline ( 0: 105)[  99]: spline 4.01105203184 0 0.0119123278082
    nextline ( 0: 106)[ 100]: spline 4.00492466376 0 0.00810202087353
    nextline ( 0: 107)[ 101]: spline 4.00123306651 0 0.00412603094363
    nextline ( 0: 108)[ 102]: spline 4 0 0
    nextline ( 0: 109)[ 103]: spline 4.00123306651 0 -0.00412603094363
    nextline ( 0: 110)[ 104]: spline 4.00492466376 0 -0.00810202087353
    nextline ( 0: 111)[ 105]: spline 4.01105203184 0 -0.0119123278082
    nextline ( 0: 112)[ 106]: spline 4.01957739348 0 -0.0155359879049
    nextline ( 0: 113)[ 107]: spline 4.030448187 0 -0.01894783225
    nextline ( 0: 114)[ 108]: spline 4.04359739032 0 -0.0221199275659
    nextline ( 0: 115)[ 109]: spline 4.05894393426 0 -0.0250232341442
    nextline ( 0: 116)[ 110]: spline 4.07639320225 0 -0.0276293599015
    nextline ( 0: 117)[ 111]: spline 4.09583761376 0 -0.0299122850617
    nextline ( 0: 118)[ 112]: spline 4.11715728753 0 -0.0318499378013
    nextline ( 0: 119)[ 113]: spline 4.14022078067 0 -0.0334255165665
    nextline ( 0: 120)[ 114]: spline 4.16488589908 0 -0.0346284781464
    nextline ( 0: 121)[ 115]: spline 4.19100057411 0 -0.0354551397641
    nextline ( 0: 122)[ 116]: spline 4.2184038001 0 -0.0359088757424
    nextline ( 0: 123)[ 117]: spline 4.24692662705 0 -0.0359999218175
    nextline ( 0: 124)[ 118]: spline 4.27639320225 0 -0.0357448300592
    nextline ( 0: 125)[ 119]: spline 4.30662185446 0 -0.0351656420801
    nextline ( 0: 126)[ 120]: spline 4.33742621398 0 -0.0342888657697
    nextline ( 0: 127)[ 121]: spline 4.36861636171 0 -0.0331443499069
    nextline ( 0: 128)[ 122]: spline 4.4 0 -0.0317641512003
    nextline ( 0: 129)[ 123]: spline 4.43138363829 0 -0.0301814799758
    nextline ( 0: 130)[ 124]: spline 4.46257378602 0 -0.0284297950266
    nextline ( 0: 131)[ 125]: spline 4.49337814554 0 -0.0265420968928
    nextline ( 0: 132)[ 126]: spline 4.52360679775 0 -0.024550444327
    nextline ( 0: 133)[ 127]: spline 4.55307337295 0 -0.0224856934592
    nextline ( 0: 134)[ 128]: spline 4.5815961999 0 -0.0203774357031
    nextline ( 0: 135)[ 129]: spline 4.60899942589 0 -0.0182540909995
    nextline ( 0: 136)[ 130]: spline 4.63511410092 0 -0.0161430993431
    nextline ( 0: 137)[ 131]: spline 4.65977921933 0 -0.0140711468344
    nextline ( 0: 138)[ 132]: spline 4.68284271247 0 -0.0120643631366
    nextline ( 0: 139)[ 133]: spline 4.70416238624 0 -0.0101484348525
    nextline ( 0: 140)[ 134]: spline 4.72360679775 0 -0.00834859290947
    nextline ( 0: 141)[ 135]: spline 4.74105606574 0 -0.00668944990983
    nextline ( 0: 142)[ 136]: spline 4.75640260968 0 -0.00519468352907
    nextline ( 0: 143)[ 137]: spline 4.769551813 0 -0.0038865821897
    nextline ( 0: 144)[ 138]: spline 4.78042260652 0 -0.00278548721867
    nextline ( 0: 145)[ 139]: spline 4.78894796816 0 -0.00190917959524
    nextline ( 0: 146)[ 140]: spline 4.79507533624 0 -0.00127226776115
    nextline ( 0: 147)[ 141]: spline 4.79876693349 0 -0.000885634955321
    nextline ( 0: 148)[ 142]: linseg 4.8 0 -0.000756
    nextline ( 0: 149)[ 143]: skend
    nextline ( 0: 150)[ 144]: skbeg 4.78894796816 1.5 0.00190917959524
    nextline ( 0: 151)[ 145]: linseg 4.75640260968 1.5 0.00519468352907
    nextline ( 0: 152)[ 146]: spline 4.74105606574 1.5 0.00668944990983
    nextline ( 0: 153)[ 147]: spline 4.72360679775 1.5 0.00834859290947
    nextline ( 0: 154)[ 148]: spline 4.70416238624 1.5 0.0101484348525
    nextline ( 0: 155)[ 149]: spline 4.65977921933 1.5 0.0140711468344
    nextline ( 0: 156)[ 150]: spline 4.63511410092 1.5 0.0161430993431
    nextline ( 0: 157)[ 151]: spline 4.60899942589 1.5 0.0182540909995
    nextline ( 0: 158)[ 152]: spline 4.5815961999 1.5 0.0203774357031
    nextline ( 0: 159)[ 153]: spline 4.52360679775 1.5 0.024550444327
    nextline ( 0: 160)[ 154]: spline 4.49337814554 1.5 0.0265420968928
    nextline ( 0: 161)[ 155]: spline 4.46257378602 1.5 0.0284297950266
    nextline ( 0: 162)[ 156]: spline 4.4 1.5 0.0317641512003
    nextline ( 0: 163)[ 157]: spline 4.36861636171 1.5 0.0331443499069
    nextline ( 0: 164)[ 158]: spline 4.33742621398 1.5 0.0342888657697
    nextline ( 0: 165)[ 159]: spline 4.30662185446 1.5 0.0351656420801
    nextline ( 0: 166)[ 160]: spline 4.24692662705 1.5 0.0359999218175
    nextline ( 0: 167)[ 161]: spline 4.2184038001 1.5 0.0359088757424
    nextline ( 0: 168)[ 162]: spline 4.19100057411 1.5 0.0354551397641
    nextline ( 0: 169)[ 163]: spline 4.16488589908 1.5 0.0346284781464
    nextline ( 0: 170)[ 164]: spline 4.11715728753 1.5 0.0318499378013
    nextline ( 0: 171)[ 165]: spline 4.09583761376 1.5 0.0299122850617
    nextline ( 0: 172)[ 166]: spline 4.07639320225 1.5 0.0276293599015
    nextline ( 0: 173)[ 167]: spline 4.04359739032 1.5 0.0221199275659
    nextline ( 0: 174)[ 168]: spline 4.030448187 1.5 0.01894783225
    nextline ( 0: 175)[ 169]: spline 4.01957739348 1.5 0.0155359879049
    nextline ( 0: 176)[ 170]: spline 4.01105203184 1.5 0.0119123278082
    nextline ( 0: 177)[ 171]: spline 4.00123306651 1.5 0.00412603094363
    nextline ( 0: 178)[ 172]: spline 4 1.5 0
    nextline ( 0: 179)[ 173]: spline 4.00123306651 1.5 -0.00412603094363
    nextline ( 0: 180)[ 174]: spline 4.00492466376 1.5 -0.00810202087353
    nextline ( 0: 181)[ 175]: spline 4.01957739348 1.5 -0.0155359879049
    nextline ( 0: 182)[ 176]: spline 4.030448187 1.5 -0.01894783225
    nextline ( 0: 183)[ 177]: spline 4.04359739032 1.5 -0.0221199275659
    nextline ( 0: 184)[ 178]: spline 4.05894393426 1.5 -0.0250232341442
    nextline ( 0: 185)[ 179]: spline 4.09583761376 1.5 -0.0299122850617
    nextline ( 0: 186)[ 180]: spline 4.11715728753 1.5 -0.0318499378013
    nextline ( 0: 187)[ 181]: spline 4.14022078067 1.5 -0.0334255165665
    nextline ( 0: 188)[ 182]: spline 4.19100057411 1.5 -0.0354551397641
    nextline ( 0: 189)[ 183]: spline 4.2184038001 1.5 -0.0359088757424
    nextline ( 0: 190)[ 184]: spline 4.24692662705 1.5 -0.0359999218175
    nextline ( 0: 191)[ 185]: spline 4.27639320225 1.5 -0.0357448300592
    nextline ( 0: 192)[ 186]: spline 4.33742621398 1.5 -0.0342888657697
    nextline ( 0: 193)[ 187]: spline 4.36861636171 1.5 -0.0331443499069
    nextline ( 0: 194)[ 188]: spline 4.4 1.5 -0.0317641512003
    nextline ( 0: 195)[ 189]: spline 4.43138363829 1.5 -0.0301814799758
    nextline ( 0: 196)[ 190]: spline 4.49337814554 1.5 -0.0265420968928
    nextline ( 0: 197)[ 191]: spline 4.52360679775 1.5 -0.024550444327
    nextline ( 0: 198)[ 192]: spline 4.55307337295 1.5 -0.0224856934592
    nextline ( 0: 199)[ 193]: spline 4.60899942589 1.5 -0.0182540909995
    nextline ( 0: 200)[ 194]: spline 4.63511410092 1.5 -0.0161430993431
    nextline ( 0: 201)[ 195]: spline 4.65977921933 1.5 -0.0140711468344
    nextline ( 0: 202)[ 196]: spline 4.68284271247 1.5 -0.0120643631366
    nextline ( 0: 203)[ 197]: spline 4.72360679775 1.5 -0.00834859290947
    nextline ( 0: 204)[ 198]: spline 4.74105606574 1.5 -0.00668944990983
    nextline ( 0: 205)[ 199]: spline 4.75640260968 1.5 -0.00519468352907
    nextline ( 0: 206)[ 200]: spline 4.769551813 1.5 -0.0038865821897
    nextline ( 0: 207)[ 201]: linseg 4.78894796816 1.5 0.00190917959524
    nextline ( 0: 208)[ 202]: skend
    nextline ( 0: 209)[ 203]: rule
    nextline ( 0: 210)[ 204]: ATTRIBUTE _name $horizontal_tail
    nextline ( 0: 211)[ 204]: ATTRIBUTE capsGroup $horizontal_tail
    nextline ( 0: 212)[ 204]: DUMP !export_path 0 1
    nextline ( 0: 213)[ 205]: END
--> ocsmLoad(/private/tmp/hpa_esp_runtime_jhs0rjlu/runtime/rebuild.csm) -> status=0 (success)
==> ocsmLoad CPUtime=    0.001 sec
--> enter ocsmCheck()
--> checks passed
--> ocsmCheck() -> status=0 (success)
==> ocsmCheck CPUtime=     0.000 sec
External Parameter(s):
    ipmtr
    --none--
Global Attribute(s):
--> enter ocsmCheck()
--> checks passed
--> ocsmCheck() -> status=0 (success)
==> ocsmCheck CPUtime=     0.000 sec
--> enter ocsmBuild(buildTo=0)

    EGADS version  1.29 (with OpenCASCADE 7.8.1)

    executing [   1] set:            export_path  $/private/tmp/hpa_esp_runtime_jhs0rjlu/runtime/raw_dump.stp
                          export_path = $/private/tmp/hpa_esp_runtime_jhs0rjlu/runtime/raw_dump.stp
    executing [   2] mark:
                          Mark        created
    executing [   3] skbeg:          4.78895     -1.50000      0.00191      0.00000
    executing [   4] linseg:         4.75640     -1.50000      0.00519
    executing [   5] spline:         4.74106     -1.50000      0.00669
    executing [   6] spline:         4.72361     -1.50000      0.00835
    executing [   7] spline:         4.70416     -1.50000      0.01015
    executing [   8] spline:         4.65978     -1.50000      0.01407
    executing [   9] spline:         4.63511     -1.50000      0.01614
    executing [  10] spline:         4.60900     -1.50000      0.01825
    executing [  11] spline:         4.58160     -1.50000      0.02038
    executing [  12] spline:         4.52361     -1.50000      0.02455
    executing [  13] spline:         4.49338     -1.50000      0.02654
    executing [  14] spline:         4.46257     -1.50000      0.02843
    executing [  15] spline:         4.40000     -1.50000      0.03176
    executing [  16] spline:         4.36862     -1.50000      0.03314
    executing [  17] spline:         4.33743     -1.50000      0.03429
    executing [  18] spline:         4.30662     -1.50000      0.03517
    executing [  19] spline:         4.24693     -1.50000      0.03600
    executing [  20] spline:         4.21840     -1.50000      0.03591
    executing [  21] spline:         4.19100     -1.50000      0.03546
    executing [  22] spline:         4.16489     -1.50000      0.03463
    executing [  23] spline:         4.11716     -1.50000      0.03185
    executing [  24] spline:         4.09584     -1.50000      0.02991
    executing [  25] spline:         4.07639     -1.50000      0.02763
    executing [  26] spline:         4.04360     -1.50000      0.02212
    executing [  27] spline:         4.03045     -1.50000      0.01895
    executing [  28] spline:         4.01958     -1.50000      0.01554
    executing [  29] spline:         4.01105     -1.50000      0.01191
    executing [  30] spline:         4.00123     -1.50000      0.00413
    executing [  31] spline:         4.00000     -1.50000      0.00000
    executing [  32] spline:         4.00123     -1.50000     -0.00413
    executing [  33] spline:         4.00492     -1.50000     -0.00810
    executing [  34] spline:         4.01958     -1.50000     -0.01554
    executing [  35] spline:         4.03045     -1.50000     -0.01895
    executing [  36] spline:         4.04360     -1.50000     -0.02212
    executing [  37] spline:         4.05894     -1.50000     -0.02502
    executing [  38] spline:         4.09584     -1.50000     -0.02991
    executing [  39] spline:         4.11716     -1.50000     -0.03185
    executing [  40] spline:         4.14022     -1.50000     -0.03343
    executing [  41] spline:         4.19100     -1.50000     -0.03546
    executing [  42] spline:         4.21840     -1.50000     -0.03591
    executing [  43] spline:         4.24693     -1.50000     -0.03600
    executing [  44] spline:         4.27639     -1.50000     -0.03574
    executing [  45] spline:         4.33743     -1.50000     -0.03429
    executing [  46] spline:         4.36862     -1.50000     -0.03314
    executing [  47] spline:         4.40000     -1.50000     -0.03176
    executing [  48] spline:         4.43138     -1.50000     -0.03018
    executing [  49] spline:         4.49338     -1.50000     -0.02654
    executing [  50] spline:         4.52361     -1.50000     -0.02455
    executing [  51] spline:         4.55307     -1.50000     -0.02249
    executing [  52] spline:         4.60900     -1.50000     -0.01825
    executing [  53] spline:         4.63511     -1.50000     -0.01614
    executing [  54] spline:         4.65978     -1.50000     -0.01407
    executing [  55] spline:         4.68284     -1.50000     -0.01206
    executing [  56] spline:         4.72361     -1.50000     -0.00835
    executing [  57] spline:         4.74106     -1.50000     -0.00669
    executing [  58] spline:         4.75640     -1.50000     -0.00519
    executing [  59] spline:         4.76955     -1.50000     -0.00389
    executing [  60] linseg:         4.78895     -1.50000      0.00191
    executing [  61] skend:          0.00000
WARNING:: Sketch is defined clockwise.  flipping direction
                          Sketch   59 created with 3 Edges
    executing [  62] skbeg:          4.80000      0.00000      0.00076      0.00000
    executing [  63] linseg:         4.79877      0.00000      0.00089
    executing [  64] spline:         4.79508      0.00000      0.00127
    executing [  65] spline:         4.78895      0.00000      0.00191
    executing [  66] spline:         4.78042      0.00000      0.00279
    executing [  67] spline:         4.76955      0.00000      0.00389
    executing [  68] spline:         4.75640      0.00000      0.00519
    executing [  69] spline:         4.74106      0.00000      0.00669
    executing [  70] spline:         4.72361      0.00000      0.00835
    executing [  71] spline:         4.70416      0.00000      0.01015
    executing [  72] spline:         4.68284      0.00000      0.01206
    executing [  73] spline:         4.65978      0.00000      0.01407
    executing [  74] spline:         4.63511      0.00000      0.01614
    executing [  75] spline:         4.60900      0.00000      0.01825
    executing [  76] spline:         4.58160      0.00000      0.02038
    executing [  77] spline:         4.55307      0.00000      0.02249
    executing [  78] spline:         4.52361      0.00000      0.02455
    executing [  79] spline:         4.49338      0.00000      0.02654
    executing [  80] spline:         4.46257      0.00000      0.02843
    executing [  81] spline:         4.43138      0.00000      0.03018
    executing [  82] spline:         4.40000      0.00000      0.03176
    executing [  83] spline:         4.36862      0.00000      0.03314
    executing [  84] spline:         4.33743      0.00000      0.03429
    executing [  85] spline:         4.30662      0.00000      0.03517
    executing [  86] spline:         4.27639      0.00000      0.03574
    executing [  87] spline:         4.24693      0.00000      0.03600
    executing [  88] spline:         4.21840      0.00000      0.03591
    executing [  89] spline:         4.19100      0.00000      0.03546
    executing [  90] spline:         4.16489      0.00000      0.03463
    executing [  91] spline:         4.14022      0.00000      0.03343
    executing [  92] spline:         4.11716      0.00000      0.03185
    executing [  93] spline:         4.09584      0.00000      0.02991
    executing [  94] spline:         4.07639      0.00000      0.02763
    executing [  95] spline:         4.05894      0.00000      0.02502
    executing [  96] spline:         4.04360      0.00000      0.02212
    executing [  97] spline:         4.03045      0.00000      0.01895
    executing [  98] spline:         4.01958      0.00000      0.01554
    executing [  99] spline:         4.01105      0.00000      0.01191
    executing [ 100] spline:         4.00492      0.00000      0.00810
    executing [ 101] spline:         4.00123      0.00000      0.00413
    executing [ 102] spline:         4.00000      0.00000      0.00000
    executing [ 103] spline:         4.00123      0.00000     -0.00413
    executing [ 104] spline:         4.00492      0.00000     -0.00810
    executing [ 105] spline:         4.01105      0.00000     -0.01191
    executing [ 106] spline:         4.01958      0.00000     -0.01554
    executing [ 107] spline:         4.03045      0.00000     -0.01895
    executing [ 108] spline:         4.04360      0.00000     -0.02212
    executing [ 109] spline:         4.05894      0.00000     -0.02502
    executing [ 110] spline:         4.07639      0.00000     -0.02763
    executing [ 111] spline:         4.09584      0.00000     -0.02991
    executing [ 112] spline:         4.11716      0.00000     -0.03185
    executing [ 113] spline:         4.14022      0.00000     -0.03343
    executing [ 114] spline:         4.16489      0.00000     -0.03463
    executing [ 115] spline:         4.19100      0.00000     -0.03546
    executing [ 116] spline:         4.21840      0.00000     -0.03591
    executing [ 117] spline:         4.24693      0.00000     -0.03600
    executing [ 118] spline:         4.27639      0.00000     -0.03574
    executing [ 119] spline:         4.30662      0.00000     -0.03517
    executing [ 120] spline:         4.33743      0.00000     -0.03429
    executing [ 121] spline:         4.36862      0.00000     -0.03314
    executing [ 122] spline:         4.40000      0.00000     -0.03176
    executing [ 123] spline:         4.43138      0.00000     -0.03018
    executing [ 124] spline:         4.46257      0.00000     -0.02843
    executing [ 125] spline:         4.49338      0.00000     -0.02654
    executing [ 126] spline:         4.52361      0.00000     -0.02455
    executing [ 127] spline:         4.55307      0.00000     -0.02249
    executing [ 128] spline:         4.58160      0.00000     -0.02038
    executing [ 129] spline:         4.60900      0.00000     -0.01825
    executing [ 130] spline:         4.63511      0.00000     -0.01614
    executing [ 131] spline:         4.65978      0.00000     -0.01407
    executing [ 132] spline:         4.68284      0.00000     -0.01206
    executing [ 133] spline:         4.70416      0.00000     -0.01015
    executing [ 134] spline:         4.72361      0.00000     -0.00835
    executing [ 135] spline:         4.74106      0.00000     -0.00669
    executing [ 136] spline:         4.75640      0.00000     -0.00519
    executing [ 137] spline:         4.76955      0.00000     -0.00389
    executing [ 138] spline:         4.78042      0.00000     -0.00279
    executing [ 139] spline:         4.78895      0.00000     -0.00191
    executing [ 140] spline:         4.79508      0.00000     -0.00127
    executing [ 141] spline:         4.79877      0.00000     -0.00089
    executing [ 142] linseg:         4.80000      0.00000     -0.00076
    executing [ 143] skend:          0.00000
                          Sketch  141 created with 3 Edges
    executing [ 144] skbeg:          4.78895      1.50000      0.00191      0.00000
    executing [ 145] linseg:         4.75640      1.50000      0.00519
    executing [ 146] spline:         4.74106      1.50000      0.00669
    executing [ 147] spline:         4.72361      1.50000      0.00835
    executing [ 148] spline:         4.70416      1.50000      0.01015
    executing [ 149] spline:         4.65978      1.50000      0.01407
    executing [ 150] spline:         4.63511      1.50000      0.01614
    executing [ 151] spline:         4.60900      1.50000      0.01825
    executing [ 152] spline:         4.58160      1.50000      0.02038
    executing [ 153] spline:         4.52361      1.50000      0.02455
    executing [ 154] spline:         4.49338      1.50000      0.02654
    executing [ 155] spline:         4.46257      1.50000      0.02843
    executing [ 156] spline:         4.40000      1.50000      0.03176
    executing [ 157] spline:         4.36862      1.50000      0.03314
    executing [ 158] spline:         4.33743      1.50000      0.03429
    executing [ 159] spline:         4.30662      1.50000      0.03517
    executing [ 160] spline:         4.24693      1.50000      0.03600
    executing [ 161] spline:         4.21840      1.50000      0.03591
    executing [ 162] spline:         4.19100      1.50000      0.03546
    executing [ 163] spline:         4.16489      1.50000      0.03463
    executing [ 164] spline:         4.11716      1.50000      0.03185
    executing [ 165] spline:         4.09584      1.50000      0.02991
    executing [ 166] spline:         4.07639      1.50000      0.02763
    executing [ 167] spline:         4.04360      1.50000      0.02212
    executing [ 168] spline:         4.03045      1.50000      0.01895
    executing [ 169] spline:         4.01958      1.50000      0.01554
    executing [ 170] spline:         4.01105      1.50000      0.01191
    executing [ 171] spline:         4.00123      1.50000      0.00413
    executing [ 172] spline:         4.00000      1.50000      0.00000
    executing [ 173] spline:         4.00123      1.50000     -0.00413
    executing [ 174] spline:         4.00492      1.50000     -0.00810
    executing [ 175] spline:         4.01958      1.50000     -0.01554
    executing [ 176] spline:         4.03045      1.50000     -0.01895
    executing [ 177] spline:         4.04360      1.50000     -0.02212
    executing [ 178] spline:         4.05894      1.50000     -0.02502
    executing [ 179] spline:         4.09584      1.50000     -0.02991
    executing [ 180] spline:         4.11716      1.50000     -0.03185
    executing [ 181] spline:         4.14022      1.50000     -0.03343
    executing [ 182] spline:         4.19100      1.50000     -0.03546
    executing [ 183] spline:         4.21840      1.50000     -0.03591
    executing [ 184] spline:         4.24693      1.50000     -0.03600
    executing [ 185] spline:         4.27639      1.50000     -0.03574
    executing [ 186] spline:         4.33743      1.50000     -0.03429
    executing [ 187] spline:         4.36862      1.50000     -0.03314
    executing [ 188] spline:         4.40000      1.50000     -0.03176
    executing [ 189] spline:         4.43138      1.50000     -0.03018
    executing [ 190] spline:         4.49338      1.50000     -0.02654
    executing [ 191] spline:         4.52361      1.50000     -0.02455
    executing [ 192] spline:         4.55307      1.50000     -0.02249
    executing [ 193] spline:         4.60900      1.50000     -0.01825
    executing [ 194] spline:         4.63511      1.50000     -0.01614
    executing [ 195] spline:         4.65978      1.50000     -0.01407
    executing [ 196] spline:         4.68284      1.50000     -0.01206
    executing [ 197] spline:         4.72361      1.50000     -0.00835
    executing [ 198] spline:         4.74106      1.50000     -0.00669
    executing [ 199] spline:         4.75640      1.50000     -0.00519
    executing [ 200] spline:         4.76955      1.50000     -0.00389
    executing [ 201] linseg:         4.78895      1.50000      0.00191
    executing [ 202] skend:          0.00000
WARNING:: Sketch is defined clockwise.  flipping direction
                          Sketch  200 created with 3 Edges
    executing [ 203] rule:           0.00000      0.00000      0.00000
                          ruling  3 Xsects with 3 Strips each...
WARNING:: rule produced a SheetBody
                          Body    201 created  (toler= 1.0000e-07, nnode=  10, nedge=  17, nface=   6, type=2)
    executing [ 204] dump:       /private/tmp/hpa_esp_runtime_jhs0rjlu/runtime/raw_dump.stp      0.00000      1.00000      0.00000  .      0.00000
                          Body    201 dumped
[32;1m
*******************************************************************
******        Statistics on Transfer (Write)                 ******[0m
[32;1m
*******************************************************************
******        Transfer Mode = 0  I.E.  As Is       ******[0m
[32;1m******        Transferring Shape, ShapeType = 3                      ******[0m
[32;1m** WorkSession : Sending all data[0m
[32;1m Step File Name : /private/tmp/hpa_esp_runtime_jhs0rjlu/runtime/raw_dump.stp(1342 ents)  Write  Done[0m
    finalizing:
--> Tessellating Body    201     ( 7.76418e-02  2.32925e-02  20.000)
--> ocsmBuild(buildTo=0) -> status=0 (success), builtTo=204, nbody=0
==> ocsmBuild CPUtime=     0.148 sec
==> Profile information
    Branch type           ncall  time (sec)    pct
    rule                      1       0.010   36.6
    skbeg                     3       0.000    0.3
    linseg                    6       0.000    0.0
    spline                  188       0.000    0.7
    skend                     3       0.008   29.1
    set                       1       0.000    0.2
    mark                      1       0.000    0.0
    dump                      1       0.009   33.1
    Total                   204       0.027
    ipmtr
    --none--
--> enter ocsmCheck()
--> checks passed
    ibrch                    type             ileft irite ichld args...
        1 (a)  Brch_000001   set                 -1    -1    -1 {$export_path} {$/private/tmp/hpa_esp_runtime_jhs0rjlu/runtime/raw_dump.stp}
        2 (a)  Brch_000002   mark                -1    -1    -1
        3 (a)  Brch_000003   skbeg               -1    -1     4 {4.78894796816} {-1.5} {0.00190917959524} {0}
        4 (a)  Brch_000004   .linseg              3    -1     5 {4.75640260968} {-1.5} {0.00519468352907}
        5 (a)  Brch_000005   .spline              4    -1     6 {4.74105606574} {-1.5} {0.00668944990983}
        6 (a)  Brch_000006   .spline              5    -1     7 {4.72360679775} {-1.5} {0.00834859290947}
        7 (a)  Brch_000007   .spline              6    -1     8 {4.70416238624} {-1.5} {0.0101484348525}
        8 (a)  Brch_000008   .spline              7    -1     9 {4.65977921933} {-1.5} {0.0140711468344}
        9 (a)  Brch_000009   .spline              8    -1    10 {4.63511410092} {-1.5} {0.0161430993431}
       10 (a)  Brch_000010   .spline              9    -1    11 {4.60899942589} {-1.5} {0.0182540909995}
       11 (a)  Brch_000011   .spline             10    -1    12 {4.5815961999} {-1.5} {0.0203774357031}
       12 (a)  Brch_000012   .spline             11    -1    13 {4.52360679775} {-1.5} {0.024550444327}
       13 (a)  Brch_000013   .spline             12    -1    14 {4.49337814554} {-1.5} {0.0265420968928}
       14 (a)  Brch_000014   .spline             13    -1    15 {4.46257378602} {-1.5} {0.0284297950266}
       15 (a)  Brch_000015   .spline             14    -1    16 {4.4} {-1.5} {0.0317641512003}
       16 (a)  Brch_000016   .spline             15    -1    17 {4.36861636171} {-1.5} {0.0331443499069}
       17 (a)  Brch_000017   .spline             16    -1    18 {4.33742621398} {-1.5} {0.0342888657697}
       18 (a)  Brch_000018   .spline             17    -1    19 {4.30662185446} {-1.5} {0.0351656420801}
       19 (a)  Brch_000019   .spline             18    -1    20 {4.24692662705} {-1.5} {0.0359999218175}
       20 (a)  Brch_000020   .spline             19    -1    21 {4.2184038001} {-1.5} {0.0359088757424}
       21 (a)  Brch_000021   .spline             20    -1    22 {4.19100057411} {-1.5} {0.0354551397641}
       22 (a)  Brch_000022   .spline             21    -1    23 {4.16488589908} {-1.5} {0.0346284781464}
       23 (a)  Brch_000023   .spline             22    -1    24 {4.11715728753} {-1.5} {0.0318499378013}
       24 (a)  Brch_000024   .spline             23    -1    25 {4.09583761376} {-1.5} {0.0299122850617}
       25 (a)  Brch_000025   .spline             24    -1    26 {4.07639320225} {-1.5} {0.0276293599015}
       26 (a)  Brch_000026   .spline             25    -1    27 {4.04359739032} {-1.5} {0.0221199275659}
       27 (a)  Brch_000027   .spline             26    -1    28 {4.030448187} {-1.5} {0.01894783225}
       28 (a)  Brch_000028   .spline             27    -1    29 {4.01957739348} {-1.5} {0.0155359879049}
       29 (a)  Brch_000029   .spline             28    -1    30 {4.01105203184} {-1.5} {0.0119123278082}
       30 (a)  Brch_000030   .spline             29    -1    31 {4.00123306651} {-1.5} {0.00412603094363}
       31 (a)  Brch_000031   .spline             30    -1    32 {4} {-1.5} {0}
       32 (a)  Brch_000032   .spline             31    -1    33 {4.00123306651} {-1.5} {-0.00412603094363}
       33 (a)  Brch_000033   .spline             32    -1    34 {4.00492466376} {-1.5} {-0.00810202087353}
       34 (a)  Brch_000034   .spline             33    -1    35 {4.01957739348} {-1.5} {-0.0155359879049}
       35 (a)  Brch_000035   .spline             34    -1    36 {4.030448187} {-1.5} {-0.01894783225}
       36 (a)  Brch_000036   .spline             35    -1    37 {4.04359739032} {-1.5} {-0.0221199275659}
       37 (a)  Brch_000037   .spline             36    -1    38 {4.05894393426} {-1.5} {-0.0250232341442}
       38 (a)  Brch_000038   .spline             37    -1    39 {4.09583761376} {-1.5} {-0.0299122850617}
       39 (a)  Brch_000039   .spline             38    -1    40 {4.11715728753} {-1.5} {-0.0318499378013}
       40 (a)  Brch_000040   .spline             39    -1    41 {4.14022078067} {-1.5} {-0.0334255165665}
       41 (a)  Brch_000041   .spline             40    -1    42 {4.19100057411} {-1.5} {-0.0354551397641}
       42 (a)  Brch_000042   .spline             41    -1    43 {4.2184038001} {-1.5} {-0.0359088757424}
       43 (a)  Brch_000043   .spline             42    -1    44 {4.24692662705} {-1.5} {-0.0359999218175}
       44 (a)  Brch_000044   .spline             43    -1    45 {4.27639320225} {-1.5} {-0.0357448300592}
       45 (a)  Brch_000045   .spline             44    -1    46 {4.33742621398} {-1.5} {-0.0342888657697}
       46 (a)  Brch_000046   .spline             45    -1    47 {4.36861636171} {-1.5} {-0.0331443499069}
       47 (a)  Brch_000047   .spline             46    -1    48 {4.4} {-1.5} {-0.0317641512003}
       48 (a)  Brch_000048   .spline             47    -1    49 {4.43138363829} {-1.5} {-0.0301814799758}
       49 (a)  Brch_000049   .spline             48    -1    50 {4.49337814554} {-1.5} {-0.0265420968928}
       50 (a)  Brch_000050   .spline             49    -1    51 {4.52360679775} {-1.5} {-0.024550444327}
       51 (a)  Brch_000051   .spline             50    -1    52 {4.55307337295} {-1.5} {-0.0224856934592}
       52 (a)  Brch_000052   .spline             51    -1    53 {4.60899942589} {-1.5} {-0.0182540909995}
       53 (a)  Brch_000053   .spline             52    -1    54 {4.63511410092} {-1.5} {-0.0161430993431}
       54 (a)  Brch_000054   .spline             53    -1    55 {4.65977921933} {-1.5} {-0.0140711468344}
       55 (a)  Brch_000055   .spline             54    -1    56 {4.68284271247} {-1.5} {-0.0120643631366}
       56 (a)  Brch_000056   .spline             55    -1    57 {4.72360679775} {-1.5} {-0.00834859290947}
       57 (a)  Brch_000057   .spline             56    -1    58 {4.74105606574} {-1.5} {-0.00668944990983}
       58 (a)  Brch_000058   .spline             57    -1    59 {4.75640260968} {-1.5} {-0.00519468352907}
       59 (a)  Brch_000059   .spline             58    -1    60 {4.769551813} {-1.5} {-0.0038865821897}
       60 (a)  Brch_000060   .linseg             59    -1    61 {4.78894796816} {-1.5} {0.00190917959524}
       61 (a)  Brch_000061   skend               60    -1   203 {0}
       62 (a)  Brch_000062   skbeg               -1    -1    63 {4.8} {0} {0.000756} {0}
       63 (a)  Brch_000063   .linseg             62    -1    64 {4.79876693349} {0} {0.000885634955321}
       64 (a)  Brch_000064   .spline             63    -1    65 {4.79507533624} {0} {0.00127226776115}
       65 (a)  Brch_000065   .spline             64    -1    66 {4.78894796816} {0} {0.00190917959524}
       66 (a)  Brch_000066   .spline             65    -1    67 {4.78042260652} {0} {0.00278548721867}
       67 (a)  Brch_000067   .spline             66    -1    68 {4.769551813} {0} {0.0038865821897}
       68 (a)  Brch_000068   .spline             67    -1    69 {4.75640260968} {0} {0.00519468352907}
       69 (a)  Brch_000069   .spline             68    -1    70 {4.74105606574} {0} {0.00668944990983}
       70 (a)  Brch_000070   .spline             69    -1    71 {4.72360679775} {0} {0.00834859290947}
       71 (a)  Brch_000071   .spline             70    -1    72 {4.70416238624} {0} {0.0101484348525}
       72 (a)  Brch_000072   .spline             71    -1    73 {4.68284271247} {0} {0.0120643631366}
       73 (a)  Brch_000073   .spline             72    -1    74 {4.65977921933} {0} {0.0140711468344}
       74 (a)  Brch_000074   .spline             73    -1    75 {4.63511410092} {0} {0.0161430993431}
       75 (a)  Brch_000075   .spline             74    -1    76 {4.60899942589} {0} {0.0182540909995}
       76 (a)  Brch_000076   .spline             75    -1    77 {4.5815961999} {0} {0.0203774357031}
       77 (a)  Brch_000077   .spline             76    -1    78 {4.55307337295} {0} {0.0224856934592}
       78 (a)  Brch_000078   .spline             77    -1    79 {4.52360679775} {0} {0.024550444327}
       79 (a)  Brch_000079   .spline             78    -1    80 {4.49337814554} {0} {0.0265420968928}
       80 (a)  Brch_000080   .spline             79    -1    81 {4.46257378602} {0} {0.0284297950266}
       81 (a)  Brch_000081   .spline             80    -1    82 {4.43138363829} {0} {0.0301814799758}
       82 (a)  Brch_000082   .spline             81    -1    83 {4.4} {0} {0.0317641512003}
       83 (a)  Brch_000083   .spline             82    -1    84 {4.36861636171} {0} {0.0331443499069}
       84 (a)  Brch_000084   .spline             83    -1    85 {4.33742621398} {0} {0.0342888657697}
       85 (a)  Brch_000085   .spline             84    -1    86 {4.30662185446} {0} {0.0351656420801}
       86 (a)  Brch_000086   .spline             85    -1    87 {4.27639320225} {0} {0.0357448300592}
       87 (a)  Brch_000087   .spline             86    -1    88 {4.24692662705} {0} {0.0359999218175}
       88 (a)  Brch_000088   .spline             87    -1    89 {4.2184038001} {0} {0.0359088757424}
       89 (a)  Brch_000089   .spline             88    -1    90 {4.19100057411} {0} {0.0354551397641}
       90 (a)  Brch_000090   .spline             89    -1    91 {4.16488589908} {0} {0.0346284781464}
       91 (a)  Brch_000091   .spline             90    -1    92 {4.14022078067} {0} {0.0334255165665}
       92 (a)  Brch_000092   .spline             91    -1    93 {4.11715728753} {0} {0.0318499378013}
       93 (a)  Brch_000093   .spline             92    -1    94 {4.09583761376} {0} {0.0299122850617}
       94 (a)  Brch_000094   .spline             93    -1    95 {4.07639320225} {0} {0.0276293599015}
       95 (a)  Brch_000095   .spline             94    -1    96 {4.05894393426} {0} {0.0250232341442}
       96 (a)  Brch_000096   .spline             95    -1    97 {4.04359739032} {0} {0.0221199275659}
       97 (a)  Brch_000097   .spline             96    -1    98 {4.030448187} {0} {0.01894783225}
       98 (a)  Brch_000098   .spline             97    -1    99 {4.01957739348} {0} {0.0155359879049}
       99 (a)  Brch_000099   .spline             98    -1   100 {4.01105203184} {0} {0.0119123278082}
      100 (a)  Brch_000100   .spline             99    -1   101 {4.00492466376} {0} {0.00810202087353}
      101 (a)  Brch_000101   .spline            100    -1   102 {4.00123306651} {0} {0.00412603094363}
      102 (a)  Brch_000102   .spline            101    -1   103 {4} {0} {0}
      103 (a)  Brch_000103   .spline            102    -1   104 {4.00123306651} {0} {-0.00412603094363}
      104 (a)  Brch_000104   .spline            103    -1   105 {4.00492466376} {0} {-0.00810202087353}
      105 (a)  Brch_000105   .spline            104    -1   106 {4.01105203184} {0} {-0.0119123278082}
      106 (a)  Brch_000106   .spline            105    -1   107 {4.01957739348} {0} {-0.0155359879049}
      107 (a)  Brch_000107   .spline            106    -1   108 {4.030448187} {0} {-0.01894783225}
      108 (a)  Brch_000108   .spline            107    -1   109 {4.04359739032} {0} {-0.0221199275659}
      109 (a)  Brch_000109   .spline            108    -1   110 {4.05894393426} {0} {-0.0250232341442}
      110 (a)  Brch_000110   .spline            109    -1   111 {4.07639320225} {0} {-0.0276293599015}
      111 (a)  Brch_000111   .spline            110    -1   112 {4.09583761376} {0} {-0.0299122850617}
      112 (a)  Brch_000112   .spline            111    -1   113 {4.11715728753} {0} {-0.0318499378013}
      113 (a)  Brch_000113   .spline            112    -1   114 {4.14022078067} {0} {-0.0334255165665}
      114 (a)  Brch_000114   .spline            113    -1   115 {4.16488589908} {0} {-0.0346284781464}
      115 (a)  Brch_000115   .spline            114    -1   116 {4.19100057411} {0} {-0.0354551397641}
      116 (a)  Brch_000116   .spline            115    -1   117 {4.2184038001} {0} {-0.0359088757424}
      117 (a)  Brch_000117   .spline            116    -1   118 {4.24692662705} {0} {-0.0359999218175}
      118 (a)  Brch_000118   .spline            117    -1   119 {4.27639320225} {0} {-0.0357448300592}
      119 (a)  Brch_000119   .spline            118    -1   120 {4.30662185446} {0} {-0.0351656420801}
      120 (a)  Brch_000120   .spline            119    -1   121 {4.33742621398} {0} {-0.0342888657697}
      121 (a)  Brch_000121   .spline            120    -1   122 {4.36861636171} {0} {-0.0331443499069}
      122 (a)  Brch_000122   .spline            121    -1   123 {4.4} {0} {-0.0317641512003}
      123 (a)  Brch_000123   .spline            122    -1   124 {4.43138363829} {0} {-0.0301814799758}
      124 (a)  Brch_000124   .spline            123    -1   125 {4.46257378602} {0} {-0.0284297950266}
      125 (a)  Brch_000125   .spline            124    -1   126 {4.49337814554} {0} {-0.0265420968928}
      126 (a)  Brch_000126   .spline            125    -1   127 {4.52360679775} {0} {-0.024550444327}
      127 (a)  Brch_000127   .spline            126    -1   128 {4.55307337295} {0} {-0.0224856934592}
      128 (a)  Brch_000128   .spline            127    -1   129 {4.5815961999} {0} {-0.0203774357031}
      129 (a)  Brch_000129   .spline            128    -1   130 {4.60899942589} {0} {-0.0182540909995}
      130 (a)  Brch_000130   .spline            129    -1   131 {4.63511410092} {0} {-0.0161430993431}
      131 (a)  Brch_000131   .spline            130    -1   132 {4.65977921933} {0} {-0.0140711468344}
      132 (a)  Brch_000132   .spline            131    -1   133 {4.68284271247} {0} {-0.0120643631366}
      133 (a)  Brch_000133   .spline            132    -1   134 {4.70416238624} {0} {-0.0101484348525}
      134 (a)  Brch_000134   .spline            133    -1   135 {4.72360679775} {0} {-0.00834859290947}
      135 (a)  Brch_000135   .spline            134    -1   136 {4.74105606574} {0} {-0.00668944990983}
      136 (a)  Brch_000136   .spline            135    -1   137 {4.75640260968} {0} {-0.00519468352907}
      137 (a)  Brch_000137   .spline            136    -1   138 {4.769551813} {0} {-0.0038865821897}
      138 (a)  Brch_000138   .spline            137    -1   139 {4.78042260652} {0} {-0.00278548721867}
      139 (a)  Brch_000139   .spline            138    -1   140 {4.78894796816} {0} {-0.00190917959524}
      140 (a)  Brch_000140   .spline            139    -1   141 {4.79507533624} {0} {-0.00127226776115}
      141 (a)  Brch_000141   .spline            140    -1   142 {4.79876693349} {0} {-0.000885634955321}
      142 (a)  Brch_000142   .linseg            141    -1   143 {4.8} {0} {-0.000756}
      143 (a)  Brch_000143   skend              142    -1    -1 {0}
      144 (a)  Brch_000144   skbeg               -1    -1   145 {4.78894796816} {1.5} {0.00190917959524} {0}
      145 (a)  Brch_000145   .linseg            144    -1   146 {4.75640260968} {1.5} {0.00519468352907}
      146 (a)  Brch_000146   .spline            145    -1   147 {4.74105606574} {1.5} {0.00668944990983}
      147 (a)  Brch_000147   .spline            146    -1   148 {4.72360679775} {1.5} {0.00834859290947}
      148 (a)  Brch_000148   .spline            147    -1   149 {4.70416238624} {1.5} {0.0101484348525}
      149 (a)  Brch_000149   .spline            148    -1   150 {4.65977921933} {1.5} {0.0140711468344}
      150 (a)  Brch_000150   .spline            149    -1   151 {4.63511410092} {1.5} {0.0161430993431}
      151 (a)  Brch_000151   .spline            150    -1   152 {4.60899942589} {1.5} {0.0182540909995}
      152 (a)  Brch_000152   .spline            151    -1   153 {4.5815961999} {1.5} {0.0203774357031}
      153 (a)  Brch_000153   .spline            152    -1   154 {4.52360679775} {1.5} {0.024550444327}
      154 (a)  Brch_000154   .spline            153    -1   155 {4.49337814554} {1.5} {0.0265420968928}
      155 (a)  Brch_000155   .spline            154    -1   156 {4.46257378602} {1.5} {0.0284297950266}
      156 (a)  Brch_000156   .spline            155    -1   157 {4.4} {1.5} {0.0317641512003}
      157 (a)  Brch_000157   .spline            156    -1   158 {4.36861636171} {1.5} {0.0331443499069}
      158 (a)  Brch_000158   .spline            157    -1   159 {4.33742621398} {1.5} {0.0342888657697}
      159 (a)  Brch_000159   .spline            158    -1   160 {4.30662185446} {1.5} {0.0351656420801}
      160 (a)  Brch_000160   .spline            159    -1   161 {4.24692662705} {1.5} {0.0359999218175}
      161 (a)  Brch_000161   .spline            160    -1   162 {4.2184038001} {1.5} {0.0359088757424}
      162 (a)  Brch_000162   .spline            161    -1   163 {4.19100057411} {1.5} {0.0354551397641}
      163 (a)  Brch_000163   .spline            162    -1   164 {4.16488589908} {1.5} {0.0346284781464}
      164 (a)  Brch_000164   .spline            163    -1   165 {4.11715728753} {1.5} {0.0318499378013}
      165 (a)  Brch_000165   .spline            164    -1   166 {4.09583761376} {1.5} {0.0299122850617}
      166 (a)  Brch_000166   .spline            165    -1   167 {4.07639320225} {1.5} {0.0276293599015}
      167 (a)  Brch_000167   .spline            166    -1   168 {4.04359739032} {1.5} {0.0221199275659}
      168 (a)  Brch_000168   .spline            167    -1   169 {4.030448187} {1.5} {0.01894783225}
      169 (a)  Brch_000169   .spline            168    -1   170 {4.01957739348} {1.5} {0.0155359879049}
      170 (a)  Brch_000170   .spline            169    -1   171 {4.01105203184} {1.5} {0.0119123278082}
      171 (a)  Brch_000171   .spline            170    -1   172 {4.00123306651} {1.5} {0.00412603094363}
      172 (a)  Brch_000172   .spline            171    -1   173 {4} {1.5} {0}
      173 (a)  Brch_000173   .spline            172    -1   174 {4.00123306651} {1.5} {-0.00412603094363}
      174 (a)  Brch_000174   .spline            173    -1   175 {4.00492466376} {1.5} {-0.00810202087353}
      175 (a)  Brch_000175   .spline            174    -1   176 {4.01957739348} {1.5} {-0.0155359879049}
      176 (a)  Brch_000176   .spline            175    -1   177 {4.030448187} {1.5} {-0.01894783225}
      177 (a)  Brch_000177   .spline            176    -1   178 {4.04359739032} {1.5} {-0.0221199275659}
      178 (a)  Brch_000178   .spline            177    -1   179 {4.05894393426} {1.5} {-0.0250232341442}
      179 (a)  Brch_000179   .spline            178    -1   180 {4.09583761376} {1.5} {-0.0299122850617}
      180 (a)  Brch_000180   .spline            179    -1   181 {4.11715728753} {1.5} {-0.0318499378013}
      181 (a)  Brch_000181   .spline            180    -1   182 {4.14022078067} {1.5} {-0.0334255165665}
      182 (a)  Brch_000182   .spline            181    -1   183 {4.19100057411} {1.5} {-0.0354551397641}
      183 (a)  Brch_000183   .spline            182    -1   184 {4.2184038001} {1.5} {-0.0359088757424}
      184 (a)  Brch_000184   .spline            183    -1   185 {4.24692662705} {1.5} {-0.0359999218175}
      185 (a)  Brch_000185   .spline            184    -1   186 {4.27639320225} {1.5} {-0.0357448300592}
      186 (a)  Brch_000186   .spline            185    -1   187 {4.33742621398} {1.5} {-0.0342888657697}
      187 (a)  Brch_000187   .spline            186    -1   188 {4.36861636171} {1.5} {-0.0331443499069}
      188 (a)  Brch_000188   .spline            187    -1   189 {4.4} {1.5} {-0.0317641512003}
      189 (a)  Brch_000189   .spline            188    -1   190 {4.43138363829} {1.5} {-0.0301814799758}
      190 (a)  Brch_000190   .spline            189    -1   191 {4.49337814554} {1.5} {-0.0265420968928}
      191 (a)  Brch_000191   .spline            190    -1   192 {4.52360679775} {1.5} {-0.024550444327}
      192 (a)  Brch_000192   .spline            191    -1   193 {4.55307337295} {1.5} {-0.0224856934592}
      193 (a)  Brch_000193   .spline            192    -1   194 {4.60899942589} {1.5} {-0.0182540909995}
      194 (a)  Brch_000194   .spline            193    -1   195 {4.63511410092} {1.5} {-0.0161430993431}
      195 (a)  Brch_000195   .spline            194    -1   196 {4.65977921933} {1.5} {-0.0140711468344}
      196 (a)  Brch_000196   .spline            195    -1   197 {4.68284271247} {1.5} {-0.0120643631366}
      197 (a)  Brch_000197   .spline            196    -1   198 {4.72360679775} {1.5} {-0.00834859290947}
      198 (a)  Brch_000198   .spline            197    -1   199 {4.74105606574} {1.5} {-0.00668944990983}
      199 (a)  Brch_000199   .spline            198    -1   200 {4.75640260968} {1.5} {-0.00519468352907}
      200 (a)  Brch_000200   .spline            199    -1   201 {4.769551813} {1.5} {-0.0038865821897}
      201 (a)  Brch_000201   .linseg            200    -1   202 {4.78894796816} {1.5} {0.00190917959524}
      202 (a)  Brch_000202   skend              201    -1   203 {0}
      203 (a)  Brch_000203   rule                61   202    -1 {0} {0} {0}
                                              attr: _name                $horizontal_tail
                                              attr: capsGroup            $horizontal_tail
      204 (a)  Brch_000204   dump                -1    -1    -1 {$!export_path} {0} {1} {0} {$.} {0}
    ibody  ibrch brchType  ileft irite ichld group      CPU nnode nedge nface   bodyType     args ...
        1      3 skbeg        -1    -1     2     1    0.000     0     0     0     sketch    4.789   -1.500    0.002    0.000
        2      4 linseg        1    -1     3     2    0.000     0     0     0     sketch    4.756   -1.500    0.005
        3      5 spline        2    -1     4     3    0.000     0     0     0     sketch    4.741   -1.500    0.007
        4      6 spline        3    -1     5     4    0.000     0     0     0     sketch    4.724   -1.500    0.008
        5      7 spline        4    -1     6     5    0.000     0     0     0     sketch    4.704   -1.500    0.010
        6      8 spline        5    -1     7     6    0.000     0     0     0     sketch    4.660   -1.500    0.014
        7      9 spline        6    -1     8     7    0.000     0     0     0     sketch    4.635   -1.500    0.016
        8     10 spline        7    -1     9     8    0.000     0     0     0     sketch    4.609   -1.500    0.018
        9     11 spline        8    -1    10     9    0.000     0     0     0     sketch    4.582   -1.500    0.020
       10     12 spline        9    -1    11    10    0.000     0     0     0     sketch    4.524   -1.500    0.025
       11     13 spline       10    -1    12    11    0.000     0     0     0     sketch    4.493   -1.500    0.027
       12     14 spline       11    -1    13    12    0.000     0     0     0     sketch    4.463   -1.500    0.028
       13     15 spline       12    -1    14    13    0.000     0     0     0     sketch    4.400   -1.500    0.032
       14     16 spline       13    -1    15    14    0.000     0     0     0     sketch    4.369   -1.500    0.033
       15     17 spline       14    -1    16    15    0.000     0     0     0     sketch    4.337   -1.500    0.034
       16     18 spline       15    -1    17    16    0.000     0     0     0     sketch    4.307   -1.500    0.035
       17     19 spline       16    -1    18    17    0.000     0     0     0     sketch    4.247   -1.500    0.036
       18     20 spline       17    -1    19    18    0.000     0     0     0     sketch    4.218   -1.500    0.036
       19     21 spline       18    -1    20    19    0.000     0     0     0     sketch    4.191   -1.500    0.035
       20     22 spline       19    -1    21    20    0.000     0     0     0     sketch    4.165   -1.500    0.035
       21     23 spline       20    -1    22    21    0.000     0     0     0     sketch    4.117   -1.500    0.032
       22     24 spline       21    -1    23    22    0.000     0     0     0     sketch    4.096   -1.500    0.030
       23     25 spline       22    -1    24    23    0.000     0     0     0     sketch    4.076   -1.500    0.028
       24     26 spline       23    -1    25    24    0.000     0     0     0     sketch    4.044   -1.500    0.022
       25     27 spline       24    -1    26    25    0.000     0     0     0     sketch    4.030   -1.500    0.019
       26     28 spline       25    -1    27    26    0.000     0     0     0     sketch    4.020   -1.500    0.016
       27     29 spline       26    -1    28    27    0.000     0     0     0     sketch    4.011   -1.500    0.012
       28     30 spline       27    -1    29    28    0.000     0     0     0     sketch    4.001   -1.500    0.004
       29     31 spline       28    -1    30    29    0.000     0     0     0     sketch    4.000   -1.500    0.000
       30     32 spline       29    -1    31    30    0.000     0     0     0     sketch    4.001   -1.500   -0.004
       31     33 spline       30    -1    32    31    0.000     0     0     0     sketch    4.005   -1.500   -0.008
       32     34 spline       31    -1    33    32    0.000     0     0     0     sketch    4.020   -1.500   -0.016
       33     35 spline       32    -1    34    33    0.000     0     0     0     sketch    4.030   -1.500   -0.019
       34     36 spline       33    -1    35    34    0.000     0     0     0     sketch    4.044   -1.500   -0.022
       35     37 spline       34    -1    36    35    0.000     0     0     0     sketch    4.059   -1.500   -0.025
       36     38 spline       35    -1    37    36    0.000     0     0     0     sketch    4.096   -1.500   -0.030
       37     39 spline       36    -1    38    37    0.000     0     0     0     sketch    4.117   -1.500   -0.032
       38     40 spline       37    -1    39    38    0.000     0     0     0     sketch    4.140   -1.500   -0.033
       39     41 spline       38    -1    40    39    0.000     0     0     0     sketch    4.191   -1.500   -0.035
       40     42 spline       39    -1    41    40    0.000     0     0     0     sketch    4.218   -1.500   -0.036
       41     43 spline       40    -1    42    41    0.000     0     0     0     sketch    4.247   -1.500   -0.036
       42     44 spline       41    -1    43    42    0.000     0     0     0     sketch    4.276   -1.500   -0.036
       43     45 spline       42    -1    44    43    0.000     0     0     0     sketch    4.337   -1.500   -0.034
       44     46 spline       43    -1    45    44    0.000     0     0     0     sketch    4.369   -1.500   -0.033
       45     47 spline       44    -1    46    45    0.000     0     0     0     sketch    4.400   -1.500   -0.032
       46     48 spline       45    -1    47    46    0.000     0     0     0     sketch    4.431   -1.500   -0.030
       47     49 spline       46    -1    48    47    0.000     0     0     0     sketch    4.493   -1.500   -0.027
       48     50 spline       47    -1    49    48    0.000     0     0     0     sketch    4.524   -1.500   -0.025
       49     51 spline       48    -1    50    49    0.000     0     0     0     sketch    4.553   -1.500   -0.022
       50     52 spline       49    -1    51    50    0.000     0     0     0     sketch    4.609   -1.500   -0.018
       51     53 spline       50    -1    52    51    0.000     0     0     0     sketch    4.635   -1.500   -0.016
       52     54 spline       51    -1    53    52    0.000     0     0     0     sketch    4.660   -1.500   -0.014
       53     55 spline       52    -1    54    53    0.000     0     0     0     sketch    4.683   -1.500   -0.012
       54     56 spline       53    -1    55    54    0.000     0     0     0     sketch    4.724   -1.500   -0.008
       55     57 spline       54    -1    56    55    0.000     0     0     0     sketch    4.741   -1.500   -0.007
       56     58 spline       55    -1    57    56    0.000     0     0     0     sketch    4.756   -1.500   -0.005
       57     59 spline       56    -1    58    57    0.000     0     0     0     sketch    4.770   -1.500   -0.004
       58     60 linseg       57    -1    59    58    0.000     0     0     0     sketch    4.789   -1.500    0.002
       59     61 skend        58    -1   201    59    0.005     3     3     1 sheet_body    0.000
       60     62 skbeg        -1    -1    61    60    0.000     0     0     0     sketch    4.800    0.000    0.001    0.000
       61     63 linseg       60    -1    62    61    0.000     0     0     0     sketch    4.799    0.000    0.001
       62     64 spline       61    -1    63    62    0.000     0     0     0     sketch    4.795    0.000    0.001
       63     65 spline       62    -1    64    63    0.000     0     0     0     sketch    4.789    0.000    0.002
       64     66 spline       63    -1    65    64    0.000     0     0     0     sketch    4.780    0.000    0.003
       65     67 spline       64    -1    66    65    0.000     0     0     0     sketch    4.770    0.000    0.004
       66     68 spline       65    -1    67    66    0.000     0     0     0     sketch    4.756    0.000    0.005
       67     69 spline       66    -1    68    67    0.000     0     0     0     sketch    4.741    0.000    0.007
       68     70 spline       67    -1    69    68    0.000     0     0     0     sketch    4.724    0.000    0.008
       69     71 spline       68    -1    70    69    0.000     0     0     0     sketch    4.704    0.000    0.010
       70     72 spline       69    -1    71    70    0.000     0     0     0     sketch    4.683    0.000    0.012
       71     73 spline       70    -1    72    71    0.000     0     0     0     sketch    4.660    0.000    0.014
       72     74 spline       71    -1    73    72    0.000     0     0     0     sketch    4.635    0.000    0.016
       73     75 spline       72    -1    74    73    0.000     0     0     0     sketch    4.609    0.000    0.018
       74     76 spline       73    -1    75    74    0.000     0     0     0     sketch    4.582    0.000    0.020
       75     77 spline       74    -1    76    75    0.000     0     0     0     sketch    4.553    0.000    0.022
       76     78 spline       75    -1    77    76    0.000     0     0     0     sketch    4.524    0.000    0.025
       77     79 spline       76    -1    78    77    0.000     0     0     0     sketch    4.493    0.000    0.027
       78     80 spline       77    -1    79    78    0.000     0     0     0     sketch    4.463    0.000    0.028
       79     81 spline       78    -1    80    79    0.000     0     0     0     sketch    4.431    0.000    0.030
       80     82 spline       79    -1    81    80    0.000     0     0     0     sketch    4.400    0.000    0.032
       81     83 spline       80    -1    82    81    0.000     0     0     0     sketch    4.369    0.000    0.033
       82     84 spline       81    -1    83    82    0.000     0     0     0     sketch    4.337    0.000    0.034
       83     85 spline       82    -1    84    83    0.000     0     0     0     sketch    4.307    0.000    0.035
       84     86 spline       83    -1    85    84    0.000     0     0     0     sketch    4.276    0.000    0.036
       85     87 spline       84    -1    86    85    0.000     0     0     0     sketch    4.247    0.000    0.036
       86     88 spline       85    -1    87    86    0.000     0     0     0     sketch    4.218    0.000    0.036
       87     89 spline       86    -1    88    87    0.000     0     0     0     sketch    4.191    0.000    0.035
       88     90 spline       87    -1    89    88    0.000     0     0     0     sketch    4.165    0.000    0.035
       89     91 spline       88    -1    90    89    0.000     0     0     0     sketch    4.140    0.000    0.033
       90     92 spline       89    -1    91    90    0.000     0     0     0     sketch    4.117    0.000    0.032
       91     93 spline       90    -1    92    91    0.000     0     0     0     sketch    4.096    0.000    0.030
       92     94 spline       91    -1    93    92    0.000     0     0     0     sketch    4.076    0.000    0.028
       93     95 spline       92    -1    94    93    0.000     0     0     0     sketch    4.059    0.000    0.025
       94     96 spline       93    -1    95    94    0.000     0     0     0     sketch    4.044    0.000    0.022
       95     97 spline       94    -1    96    95    0.000     0     0     0     sketch    4.030    0.000    0.019
       96     98 spline       95    -1    97    96    0.000     0     0     0     sketch    4.020    0.000    0.016
       97     99 spline       96    -1    98    97    0.000     0     0     0     sketch    4.011    0.000    0.012
       98    100 spline       97    -1    99    98    0.000     0     0     0     sketch    4.005    0.000    0.008
       99    101 spline       98    -1   100    99    0.000     0     0     0     sketch    4.001    0.000    0.004
      100    102 spline       99    -1   101   100    0.000     0     0     0     sketch    4.000    0.000    0.000
      101    103 spline      100    -1   102   101    0.000     0     0     0     sketch    4.001    0.000   -0.004
      102    104 spline      101    -1   103   102    0.000     0     0     0     sketch    4.005    0.000   -0.008
      103    105 spline      102    -1   104   103    0.000     0     0     0     sketch    4.011    0.000   -0.012
      104    106 spline      103    -1   105   104    0.000     0     0     0     sketch    4.020    0.000   -0.016
      105    107 spline      104    -1   106   105    0.000     0     0     0     sketch    4.030    0.000   -0.019
      106    108 spline      105    -1   107   106    0.000     0     0     0     sketch    4.044    0.000   -0.022
      107    109 spline      106    -1   108   107    0.000     0     0     0     sketch    4.059    0.000   -0.025
      108    110 spline      107    -1   109   108    0.000     0     0     0     sketch    4.076    0.000   -0.028
      109    111 spline      108    -1   110   109    0.000     0     0     0     sketch    4.096    0.000   -0.030
      110    112 spline      109    -1   111   110    0.000     0     0     0     sketch    4.117    0.000   -0.032
      111    113 spline      110    -1   112   111    0.000     0     0     0     sketch    4.140    0.000   -0.033
      112    114 spline      111    -1   113   112    0.000     0     0     0     sketch    4.165    0.000   -0.035
      113    115 spline      112    -1   114   113    0.000     0     0     0     sketch    4.191    0.000   -0.035
      114    116 spline      113    -1   115   114    0.000     0     0     0     sketch    4.218    0.000   -0.036
      115    117 spline      114    -1   116   115    0.000     0     0     0     sketch    4.247    0.000   -0.036
      116    118 spline      115    -1   117   116    0.000     0     0     0     sketch    4.276    0.000   -0.036
      117    119 spline      116    -1   118   117    0.000     0     0     0     sketch    4.307    0.000   -0.035
      118    120 spline      117    -1   119   118    0.000     0     0     0     sketch    4.337    0.000   -0.034
      119    121 spline      118    -1   120   119    0.000     0     0     0     sketch    4.369    0.000   -0.033
      120    122 spline      119    -1   121   120    0.000     0     0     0     sketch    4.400    0.000   -0.032
      121    123 spline      120    -1   122   121    0.000     0     0     0     sketch    4.431    0.000   -0.030
      122    124 spline      121    -1   123   122    0.000     0     0     0     sketch    4.463    0.000   -0.028
      123    125 spline      122    -1   124   123    0.000     0     0     0     sketch    4.493    0.000   -0.027
      124    126 spline      123    -1   125   124    0.000     0     0     0     sketch    4.524    0.000   -0.025
      125    127 spline      124    -1   126   125    0.000     0     0     0     sketch    4.553    0.000   -0.022
      126    128 spline      125    -1   127   126    0.000     0     0     0     sketch    4.582    0.000   -0.020
      127    129 spline      126    -1   128   127    0.000     0     0     0     sketch    4.609    0.000   -0.018
      128    130 spline      127    -1   129   128    0.000     0     0     0     sketch    4.635    0.000   -0.016
      129    131 spline      128    -1   130   129    0.000     0     0     0     sketch    4.660    0.000   -0.014
      130    132 spline      129    -1   131   130    0.000     0     0     0     sketch    4.683    0.000   -0.012
      131    133 spline      130    -1   132   131    0.000     0     0     0     sketch    4.704    0.000   -0.010
      132    134 spline      131    -1   133   132    0.000     0     0     0     sketch    4.724    0.000   -0.008
      133    135 spline      132    -1   134   133    0.000     0     0     0     sketch    4.741    0.000   -0.007
      134    136 spline      133    -1   135   134    0.000     0     0     0     sketch    4.756    0.000   -0.005
      135    137 spline      134    -1   136   135    0.000     0     0     0     sketch    4.770    0.000   -0.004
      136    138 spline      135    -1   137   136    0.000     0     0     0     sketch    4.780    0.000   -0.003
      137    139 spline      136    -1   138   137    0.000     0     0     0     sketch    4.789    0.000   -0.002
      138    140 spline      137    -1   139   138    0.000     0     0     0     sketch    4.795    0.000   -0.001
      139    141 spline      138    -1   140   139    0.000     0     0     0     sketch    4.799    0.000   -0.001
      140    142 linseg      139    -1   141   140    0.000     0     0     0     sketch    4.800    0.000   -0.001
      141    143 skend       140    -1   201   141    0.000     4     3     0  wire_body    0.000
      142    144 skbeg        -1    -1   143   142    0.000     0     0     0     sketch    4.789    1.500    0.002    0.000
      143    145 linseg      142    -1   144   143    0.000     0     0     0     sketch    4.756    1.500    0.005
      144    146 spline      143    -1   145   144    0.000     0     0     0     sketch    4.741    1.500    0.007
      145    147 spline      144    -1   146   145    0.000     0     0     0     sketch    4.724    1.500    0.008
      146    148 spline      145    -1   147   146    0.000     0     0     0     sketch    4.704    1.500    0.010
      147    149 spline      146    -1   148   147    0.000     0     0     0     sketch    4.660    1.500    0.014
      148    150 spline      147    -1   149   148    0.000     0     0     0     sketch    4.635    1.500    0.016
      149    151 spline      148    -1   150   149    0.000     0     0     0     sketch    4.609    1.500    0.018
      150    152 spline      149    -1   151   150    0.000     0     0     0     sketch    4.582    1.500    0.020
      151    153 spline      150    -1   152   151    0.000     0     0     0     sketch    4.524    1.500    0.025
      152    154 spline      151    -1   153   152    0.000     0     0     0     sketch    4.493    1.500    0.027
      153    155 spline      152    -1   154   153    0.000     0     0     0     sketch    4.463    1.500    0.028
      154    156 spline      153    -1   155   154    0.000     0     0     0     sketch    4.400    1.500    0.032
      155    157 spline      154    -1   156   155    0.000     0     0     0     sketch    4.369    1.500    0.033
      156    158 spline      155    -1   157   156    0.000     0     0     0     sketch    4.337    1.500    0.034
      157    159 spline      156    -1   158   157    0.000     0     0     0     sketch    4.307    1.500    0.035
      158    160 spline      157    -1   159   158    0.000     0     0     0     sketch    4.247    1.500    0.036
      159    161 spline      158    -1   160   159    0.000     0     0     0     sketch    4.218    1.500    0.036
      160    162 spline      159    -1   161   160    0.000     0     0     0     sketch    4.191    1.500    0.035
      161    163 spline      160    -1   162   161    0.000     0     0     0     sketch    4.165    1.500    0.035
      162    164 spline      161    -1   163   162    0.000     0     0     0     sketch    4.117    1.500    0.032
      163    165 spline      162    -1   164   163    0.000     0     0     0     sketch    4.096    1.500    0.030
      164    166 spline      163    -1   165   164    0.000     0     0     0     sketch    4.076    1.500    0.028
      165    167 spline      164    -1   166   165    0.000     0     0     0     sketch    4.044    1.500    0.022
      166    168 spline      165    -1   167   166    0.000     0     0     0     sketch    4.030    1.500    0.019
      167    169 spline      166    -1   168   167    0.000     0     0     0     sketch    4.020    1.500    0.016
      168    170 spline      167    -1   169   168    0.000     0     0     0     sketch    4.011    1.500    0.012
      169    171 spline      168    -1   170   169    0.000     0     0     0     sketch    4.001    1.500    0.004
      170    172 spline      169    -1   171   170    0.000     0     0     0     sketch    4.000    1.500    0.000
      171    173 spline      170    -1   172   171    0.000     0     0     0     sketch    4.001    1.500   -0.004
      172    174 spline      171    -1   173   172    0.000     0     0     0     sketch    4.005    1.500   -0.008
      173    175 spline      172    -1   174   173    0.000     0     0     0     sketch    4.020    1.500   -0.016
      174    176 spline      173    -1   175   174    0.000     0     0     0     sketch    4.030    1.500   -0.019
      175    177 spline      174    -1   176   175    0.000     0     0     0     sketch    4.044    1.500   -0.022
      176    178 spline      175    -1   177   176    0.000     0     0     0     sketch    4.059    1.500   -0.025
      177    179 spline      176    -1   178   177    0.000     0     0     0     sketch    4.096    1.500   -0.030
      178    180 spline      177    -1   179   178    0.000     0     0     0     sketch    4.117    1.500   -0.032
      179    181 spline      178    -1   180   179    0.000     0     0     0     sketch    4.140    1.500   -0.033
      180    182 spline      179    -1   181   180    0.000     0     0     0     sketch    4.191    1.500   -0.035
      181    183 spline      180    -1   182   181    0.000     0     0     0     sketch    4.218    1.500   -0.036
      182    184 spline      181    -1   183   182    0.000     0     0     0     sketch    4.247    1.500   -0.036
      183    185 spline      182    -1   184   183    0.000     0     0     0     sketch    4.276    1.500   -0.036
      184    186 spline      183    -1   185   184    0.000     0     0     0     sketch    4.337    1.500   -0.034
      185    187 spline      184    -1   186   185    0.000     0     0     0     sketch    4.369    1.500   -0.033
      186    188 spline      185    -1   187   186    0.000     0     0     0     sketch    4.400    1.500   -0.032
      187    189 spline      186    -1   188   187    0.000     0     0     0     sketch    4.431    1.500   -0.030
      188    190 spline      187    -1   189   188    0.000     0     0     0     sketch    4.493    1.500   -0.027
      189    191 spline      188    -1   190   189    0.000     0     0     0     sketch    4.524    1.500   -0.025
      190    192 spline      189    -1   191   190    0.000     0     0     0     sketch    4.553    1.500   -0.022
      191    193 spline      190    -1   192   191    0.000     0     0     0     sketch    4.609    1.500   -0.018
      192    194 spline      191    -1   193   192    0.000     0     0     0     sketch    4.635    1.500   -0.016
      193    195 spline      192    -1   194   193    0.000     0     0     0     sketch    4.660    1.500   -0.014
      194    196 spline      193    -1   195   194    0.000     0     0     0     sketch    4.683    1.500   -0.012
      195    197 spline      194    -1   196   195    0.000     0     0     0     sketch    4.724    1.500   -0.008
      196    198 spline      195    -1   197   196    0.000     0     0     0     sketch    4.741    1.500   -0.007
      197    199 spline      196    -1   198   197    0.000     0     0     0     sketch    4.756    1.500   -0.005
      198    200 spline      197    -1   199   198    0.000     0     0     0     sketch    4.770    1.500   -0.004
      199    201 linseg      198    -1   200   199    0.000     0     0     0     sketch    4.789    1.500    0.002
      200    202 skend       199    -1   201   200    0.003     3     3     1 sheet_body    0.000
      201*   203 rule         59   200     0   201    0.010    10    17     6 sheet_body    0.000    0.000    0.000
                                             total    0.018
Mass properties of Bodys on stack
ibody    volume       area;len      xcg          ycg          zcg            Ixx          Ixy          Ixz          Iyy          Iyz          Izz
  201   0.0000e+00   4.7701e+00    4.3977e+00   7.2733e-19   1.2437e-05     3.5715e+00  -5.4131e-17  -2.4468e-04   2.5178e-01   5.8958e-19   3.8210e+00
Output Parameters

Checking for opportunity for ganged Boolean operations...
--> ocsmFree() -> status=0 (success)
--> ocsmFree(NULL) -> status=0 (success)
--> EG_close() -> status=0
    Total CPU time = 0.158 sec
==> serveCSM completed successfully with 3 warnings

--- stderr ---
